DEBUG:urllib3.connectionpool:Starting new HTTP connection (1): fe80:0000:0000:0000:7269:79ff:feb9:21a6%25:80
DEBUG:urllib3.connectionpool:Starting new HTTP connection (1): fe80:0000:0000:0000:7269:79ff:feb9:21a6%25:80
DEBUG:urllib3.connectionpool:Starting new HTTP connection (1): fe80:0000:0000:0000:7269:79ff:feb9:21a6%25:80
DEBUG:urllib3.connectionpool:Starting new HTTP connection (1): fe80:0000:0000:0000:7269:79ff:feb9:21a6%25:80
DEBUG:urllib3.connectionpool:Starting new HTTP connection (1): fe80:0000:0000:0000:7269:79ff:feb9:21a6%25:80
DEBUG:urllib3.connectionpool:Starting new HTTP connection (1): fe80:0000:0000:0000:7269:79ff:feb9:21a6%22:80
DEBUG:urllib3.connectionpool:http://fe80:0000:0000:0000:7269:79ff:feb9:21a6%22:80 "POST /api/moku/claim_ownership HTTP/1.1" 200 62
DEBUG:urllib3.connectionpool:http://fe80:0000:0000:0000:7269:79ff:feb9:21a6%22:80 "GET /api/moku/describe HTTP/1.1" 200 713
DEBUG:urllib3.connectionpool:Starting new HTTP connection (1): fe80:0000:0000:0000:7269:79ff:feb9:21a6%22:80
DEBUG:urllib3.connectionpool:http://fe80:0000:0000:0000:7269:79ff:feb9:21a6%22:80 "POST /api/moku/claim_ownership HTTP/1.1" 200 62
DEBUG:urllib3.connectionpool:http://fe80:0000:0000:0000:7269:79ff:feb9:21a6%22:80 "GET /api/moku/describe HTTP/1.1" 200 713
DEBUG:urllib3.connectionpool:http://fe80:0000:0000:0000:7269:79ff:feb9:21a6%22:80 "POST /api/slot1/oscilloscope/get_data HTTP/1.1" 200 57095
DEBUG:urllib3.connectionpool:http://fe80:0000:0000:0000:7269:79ff:feb9:21a6%22:80 "POST /api/moku/relinquish_ownership HTTP/1.1" 200 56
DEBUG:urllib3.connectionpool:Starting new HTTP connection (1): fe80:0000:0000:0000:7269:79ff:feb9:21a6%22:80
DEBUG:urllib3.connectionpool:http://fe80:0000:0000:0000:7269:79ff:feb9:21a6%22:80 "POST /api/moku/claim_ownership HTTP/1.1" 200 62
DEBUG:urllib3.connectionpool:http://fe80:0000:0000:0000:7269:79ff:feb9:21a6%22:80 "GET /api/moku/describe HTTP/1.1" 200 713
DEBUG:urllib3.connectionpool:http://fe80:0000:0000:0000:7269:79ff:feb9:21a6%22:80 "POST /api/slot1/oscilloscope/get_data HTTP/1.1" 200 50915
DEBUG:urllib3.connectionpool:http://fe80:0000:0000:0000:7269:79ff:feb9:21a6%22:80 "POST /api/moku/relinquish_ownership HTTP/1.1" 200 56
DEBUG:urllib3.connectionpool:Starting new HTTP connection (1): fe80:0000:0000:0000:7269:79ff:feb9:21a6%22:80
DEBUG:urllib3.connectionpool:http://fe80:0000:0000:0000:7269:79ff:feb9:21a6%22:80 "POST /api/moku/claim_ownership HTTP/1.1" 200 62
DEBUG:urllib3.connectionpool:http://fe80:0000:0000:0000:7269:79ff:feb9:21a6%22:80 "GET /api/moku/describe HTTP/1.1" 200 713
DEBUG:urllib3.connectionpool:http://fe80:0000:0000:0000:7269:79ff:feb9:21a6%22:80 "POST /api/slot1/oscilloscope/get_data HTTP/1.1" 200 105
DEBUG:urllib3.connectionpool:Starting new HTTP connection (1): fe80:0000:0000:0000:7269:79ff:feb9:21a6%22:80
DEBUG:urllib3.connectionpool:http://fe80:0000:0000:0000:7269:79ff:feb9:21a6%22:80 "POST /api/moku/claim_ownership HTTP/1.1" 200 62
DEBUG:urllib3.connectionpool:http://fe80:0000:0000:0000:7269:79ff:feb9:21a6%22:80 "GET /api/moku/describe HTTP/1.1" 200 713
DEBUG:urllib3.connectionpool:http://fe80:0000:0000:0000:7269:79ff:feb9:21a6%22:80 "POST /api/slot1/oscilloscope/get_data HTTP/1.1" 200 55319
DEBUG:urllib3.connectionpool:http://fe80:0000:0000:0000:7269:79ff:feb9:21a6%22:80 "POST /api/slot1/oscilloscope/get_output_load HTTP/1.1" 200 68
DEBUG:urllib3.connectionpool:http://fe80:0000:0000:0000:7269:79ff:feb9:21a6%22:80 "POST /api/moku/relinquish_ownership HTTP/1.1" 200 56
DEBUG:urllib3.connectionpool:Starting new HTTP connection (1): fe80:0000:0000:0000:7269:79ff:feb9:21a6%22:80
DEBUG:urllib3.connectionpool:http://fe80:0000:0000:0000:7269:79ff:feb9:21a6%22:80 "POST /api/moku/claim_ownership HTTP/1.1" 200 62
DEBUG:urllib3.connectionpool:http://fe80:0000:0000:0000:7269:79ff:feb9:21a6%22:80 "GET /api/moku/describe HTTP/1.1" 200 713
DEBUG:urllib3.connectionpool:http://fe80:0000:0000:0000:7269:79ff:feb9:21a6%22:80 "POST /api/slot1/oscilloscope/get_data HTTP/1.1" 200 56744
DEBUG:urllib3.connectionpool:http://fe80:0000:0000:0000:7269:79ff:feb9:21a6%22:80 "POST /api/moku/relinquish_ownership HTTP/1.1" 200 56
DEBUG:urllib3.connectionpool:Starting new HTTP connection (1): fe80:0000:0000:0000:7269:79ff:feb9:21a6%22:80
DEBUG:urllib3.connectionpool:http://fe80:0000:0000:0000:7269:79ff:feb9:21a6%22:80 "POST /api/moku/claim_ownership HTTP/1.1" 200 62
DEBUG:urllib3.connectionpool:http://fe80:0000:0000:0000:7269:79ff:feb9:21a6%22:80 "GET /api/moku/describe HTTP/1.1" 200 713
DEBUG:urllib3.connectionpool:http://fe80:0000:0000:0000:7269:79ff:feb9:21a6%22:80 "POST /api/slot1/oscilloscope/get_data HTTP/1.1" 200 53502
DEBUG:urllib3.connectionpool:http://fe80:0000:0000:0000:7269:79ff:feb9:21a6%22:80 "POST /api/moku/relinquish_ownership HTTP/1.1" 200 56
DEBUG:urllib3.connectionpool:Starting new HTTP connection (1): fe80:0000:0000:0000:7269:79ff:feb9:21a6%22:80
DEBUG:urllib3.connectionpool:http://fe80:0000:0000:0000:7269:79ff:feb9:21a6%22:80 "POST /api/moku/claim_ownership HTTP/1.1" 200 62
DEBUG:urllib3.connectionpool:http://fe80:0000:0000:0000:7269:79ff:feb9:21a6%22:80 "GET /api/moku/describe HTTP/1.1" 200 713
DEBUG:urllib3.connectionpool:http://fe80:0000:0000:0000:7269:79ff:feb9:21a6%22:80 "POST /api/slot1/oscilloscope/get_data HTTP/1.1" 200 55472
DEBUG:urllib3.connectionpool:http://fe80:0000:0000:0000:7269:79ff:feb9:21a6%22:80 "POST /api/moku/relinquish_ownership HTTP/1.1" 200 56
DEBUG:urllib3.connectionpool:Starting new HTTP connection (1): fe80:0000:0000:0000:7269:79ff:feb9:21a6%22:80
DEBUG:urllib3.connectionpool:http://fe80:0000:0000:0000:7269:79ff:feb9:21a6%22:80 "POST /api/moku/claim_ownership HTTP/1.1" 200 62
DEBUG:urllib3.connectionpool:http://fe80:0000:0000:0000:7269:79ff:feb9:21a6%22:80 "GET /api/moku/describe HTTP/1.1" 200 713
DEBUG:urllib3.connectionpool:http://fe80:0000:0000:0000:7269:79ff:feb9:21a6%22:80 "POST /api/slot1/oscilloscope/get_data HTTP/1.1" 200 54622
DEBUG:urllib3.connectionpool:http://fe80:0000:0000:0000:7269:79ff:feb9:21a6%22:80 "POST /api/moku/relinquish_ownership HTTP/1.1" 200 56
DEBUG:urllib3.connectionpool:Starting new HTTP connection (1): fe80:0000:0000:0000:7269:79ff:feb9:21a6%22:80
DEBUG:urllib3.connectionpool:http://fe80:0000:0000:0000:7269:79ff:feb9:21a6%22:80 "POST /api/moku/claim_ownership HTTP/1.1" 200 62
DEBUG:urllib3.connectionpool:http://fe80:0000:0000:0000:7269:79ff:feb9:21a6%22:80 "GET /api/moku/describe HTTP/1.1" 200 812
DEBUG:urllib3.connectionpool:Starting new HTTP connection (1): fe80:0000:0000:0000:7269:79ff:feb9:21a6%22:80
DEBUG:urllib3.connectionpool:http://fe80:0000:0000:0000:7269:79ff:feb9:21a6%22:80 "POST /api/moku/claim_ownership HTTP/1.1" 200 62
DEBUG:urllib3.connectionpool:http://fe80:0000:0000:0000:7269:79ff:feb9:21a6%22:80 "GET /api/moku/describe HTTP/1.1" 200 812
DEBUG:urllib3.connectionpool:http://fe80:0000:0000:0000:7269:79ff:feb9:21a6%22:80 "POST /api/moku/relinquish_ownership HTTP/1.1" 200 56
DEBUG:urllib3.connectionpool:Starting new HTTP connection (1): fe80:0000:0000:0000:7269:79ff:feb9:21a6%22:80
DEBUG:urllib3.connectionpool:http://fe80:0000:0000:0000:7269:79ff:feb9:21a6%22:80 "POST /api/moku/claim_ownership HTTP/1.1" 200 62
DEBUG:urllib3.connectionpool:http://fe80:0000:0000:0000:7269:79ff:feb9:21a6%22:80 "GET /api/moku/describe HTTP/1.1" 200 812
DEBUG:urllib3.connectionpool:Starting new HTTP connection (1): fe80:0000:0000:0000:7269:79ff:feb9:21a6%22:80
DEBUG:urllib3.connectionpool:http://fe80:0000:0000:0000:7269:79ff:feb9:21a6%22:80 "POST /api/moku/claim_ownership HTTP/1.1" 200 62
DEBUG:urllib3.connectionpool:http://fe80:0000:0000:0000:7269:79ff:feb9:21a6%22:80 "GET /api/moku/describe HTTP/1.1" 200 812
DEBUG:urllib3.connectionpool:http://fe80:0000:0000:0000:7269:79ff:feb9:21a6%22:80 "POST /api/slot1/oscilloscope/get_data HTTP/1.1" 200 100
DEBUG:urllib3.connectionpool:Starting new HTTP connection (1): fe80:0000:0000:0000:7269:79ff:feb9:21a6%22:80
DEBUG:urllib3.connectionpool:http://fe80:0000:0000:0000:7269:79ff:feb9:21a6%22:80 "POST /api/moku/claim_ownership HTTP/1.1" 200 62
DEBUG:urllib3.connectionpool:http://fe80:0000:0000:0000:7269:79ff:feb9:21a6%22:80 "GET /api/moku/describe HTTP/1.1" 200 812
DEBUG:urllib3.connectionpool:http://fe80:0000:0000:0000:7269:79ff:feb9:21a6%22:80 "POST /api/slot1/oscilloscope/get_data HTTP/1.1" 200 55223
DEBUG:urllib3.connectionpool:http://fe80:0000:0000:0000:7269:79ff:feb9:21a6%22:80 "POST /api/moku/relinquish_ownership HTTP/1.1" 200 56
DEBUG:urllib3.connectionpool:Starting new HTTP connection (1): 000.000.00:80
